#
# A fatal error has been detected by the Java Runtime Environment:
#
#  EXCEPTION_ACCESS_VIOLATION (0xc0000005) at pc=0x00007ff987e41be9, pid=9820, tid=20620
#
# JRE version:  (18.0.2+9) (build )
# Java VM: Java HotSpot(TM) 64-Bit Server VM (18.0.2+9-61, mixed mode, sharing, tiered, unknown gc, windows-amd64)
# Problematic frame:
# C  [jimage.dll+0x1be9]
#
# No core dump will be written. Minidumps are not enabled by default on client versions of Windows
#
#

---------------  S U M M A R Y ------------

Command Line: 

Host: AMD Ryzen 5 5600H with Radeon Graphics         , 12 cores, 5G,  Windows 11 , 64 bit Build 22621 (10.0.22621.1928)
Time: Thu Jul 20 15:59:24 2023 India Standard Time elapsed time: 0.021863 seconds (0d 0h 0m 0s)

---------------  T H R E A D  ---------------

Current thread is native thread

Stack: [0x0000002865f00000,0x0000002866000000],  sp=0x0000002865ffd880,  free space=1014k
Native frames: (J=compiled Java code, j=interpreted, Vv=VM code, C=native code)
C  [jimage.dll+0x1be9]
C  [jimage.dll+0x1d77]
C  [jimage.dll+0x2655]
V  [jvm.dll+0x20a1ba]
V  [jvm.dll+0xbcfbe]
V  [jvm.dll+0x7a1bbc]
V  [jvm.dll+0x40dc3f]
V  [jvm.dll+0x40f611]
C  [jli.dll+0x526b]
C  [ucrtbase.dll+0x29363]
C  [KERNEL32.DLL+0x126ad]
C  [ntdll.dll+0x5aa68]


siginfo: EXCEPTION_ACCESS_VIOLATION (0xc0000005), reading address 0x000000000001172c


Registers:
RAX=0x00000000000045c4, RBX=0x0000002865ffd971, RCX=0x00007ff987e46000, RDX=0x00000000000045c4
RSP=0x0000002865ffd880, RBP=0x0000002865ffd970, RSI=0x0000000000007239, RDI=0x0000002865ffd970
R8 =0x00007ff987e44288, R9 =0x000000000000001c, R10=0x00007ff987e60000, R11=0x00007ff987e46000
R12=0x0000000000000000, R13=0x0000002865fffd90, R14=0x0000002865ffe9e0, R15=0x00007ff91bea2548
RIP=0x00007ff987e41be9, EFLAGS=0x0000000000010212

Top of Stack: (sp=0x0000002865ffd880)
0x0000002865ffd880:   0000020427e60b38 00000000b00005b5
0x0000002865ffd890:   0000020427e60b50 0000020427e60b0c
0x0000002865ffd8a0:   0000020428069f70 00007ff987e41d77
0x0000002865ffd8b0:   000000000000000b 0000020428069f70
0x0000002865ffd8c0:   00000000000006f5 00000000000006f5
0x0000002865ffd8d0:   00000000000006f5 00007ff98f79422a
0x0000002865ffd8e0:   00000204280631c0 00000204b00005b5
0x0000002865ffd8f0:   0000020428060000 00000028b00005b5
0x0000002865ffd900:   00000000000006f5 000002042a2a0080
0x0000002865ffd910:   0000eeb368f40bd7 0000020428060150
0x0000002865ffd920:   00007ff91be81cf0 0000000000000017
0x0000002865ffd930:   0000020428069f70 0000002865ffe9e0
0x0000002865ffd940:   000000000000000b 00007ff987e42655
0x0000002865ffd950:   0000020428060000 00007ff9b00005b5
0x0000002865ffd960:   0000000000000773 000002042a2c38a0
0x0000002865ffd970:   61622e6176616a2f 692f6b646a2f6573 

Instructions: (pc=0x00007ff987e41be9)
0x00007ff987e41ae9:   48 85 c9 74 1d 80 3d 1b 45 00 00 00 74 06 48 8b
0x00007ff987e41af9:   53 18 eb 04 48 8b 53 40 e8 ae 0e 00 00 48 83 63
0x00007ff987e41b09:   48 00 8b 4b 0c 83 f9 ff 74 09 e8 e4 0c 00 00 83
0x00007ff987e41b19:   4b 0c ff 48 8b 4b 70 48 85 c9 74 0f ba 10 00 00
0x00007ff987e41b29:   00 e8 fd 0e 00 00 48 83 63 70 00 48 83 c4 20 5b
0x00007ff987e41b39:   c3 cc cc 40 53 48 83 ec 20 48 8b d9 48 8d 0d d4
0x00007ff987e41b49:   46 00 00 e8 b3 0c 00 00 83 6b 08 01 75 24 48 8b
0x00007ff987e41b59:   d3 48 8d 0d b7 44 00 00 e8 22 08 00 00 48 8b cb
0x00007ff987e41b69:   e8 de fe ff ff ba 78 00 00 00 48 8b cb e8 b1 0e
0x00007ff987e41b79:   00 00 48 8d 0d 9e 46 00 00 48 83 c4 20 5b e9 80
0x00007ff987e41b89:   0c 00 00 48 89 5c 24 08 48 89 74 24 10 57 48 83
0x00007ff987e41b99:   ec 20 41 8b f1 4d 8b c8 48 8b fa 4c 8b d9 4d 85
0x00007ff987e41ba9:   c0 74 78 85 f6 74 74 44 8a 12 48 8d 5a 01 48 8b
0x00007ff987e41bb9:   d3 b8 93 01 00 01 eb 12 69 c0 93 01 00 01 41 0f
0x00007ff987e41bc9:   b6 ca 44 8a 12 33 c1 48 ff c2 45 84 d2 75 e9 4d
0x00007ff987e41bd9:   8b 03 0f ba f0 1f 33 d2 49 8b cb f7 f6 48 63 c2
0x00007ff987e41be9:   41 8b 14 81 41 ff 50 08 85 c0 7e 24 8a 0f eb 10
0x00007ff987e41bf9:   69 c0 93 01 00 01 0f b6 c9 33 c1 8a 0b 48 ff c3
0x00007ff987e41c09:   84 c9 75 ec 0f ba f0 1f 33 d2 f7 f6 8b c2 eb 0e
0x00007ff987e41c19:   79 09 83 c9 ff 2b c8 8b c1 eb 03 83 c8 ff 48 8b
0x00007ff987e41c29:   5c 24 30 48 8b 74 24 38 48 83 c4 20 5f c3 cc 48
0x00007ff987e41c39:   89 5c 24 08 48 89 74 24 10 57 48 83 ec 20 48 8b
0x00007ff987e41c49:   f1 48 8d 0d cf 45 00 00 e8 ae 0b 00 00 33 ff 39
0x00007ff987e41c59:   3d ba 43 00 00 76 24 48 8b 05 b9 43 00 00 48 8b
0x00007ff987e41c69:   d6 48 8b 1c f8 48 8b 0b e8 64 1e 00 00 85 c0 74
0x00007ff987e41c79:   2b ff c7 3b 3d 96 43 00 00 72 dc 33 db 48 8d 0d
0x00007ff987e41c89:   93 45 00 00 e8 7a 0b 00 00 48 8b 74 24 38 48 8b
0x00007ff987e41c99:   c3 48 8b 5c 24 30 48 83 c4 20 5f c3 ff 43 08 eb
0x00007ff987e41ca9:   dc cc cc 48 89 5c 24 08 48 89 74 24 10 57 48 83
0x00007ff987e41cb9:   ec 20 48 8b d9 48 8b f2 48 8b 49 10 49 8b f8 8b
0x00007ff987e41cc9:   53 30 48 8b 01 ff 50 20 4c 8b 43 50 48 8b d6 48
0x00007ff987e41cd9:   8b 4b 10 44 8b c8 e8 a8 fe ff ff 83 f8 ff 74 38 



---------------  P R O C E S S  ---------------

VM state: not at safepoint (not fully initialized)

VM Mutex/Monitor currently owned by a thread: None

GC Precious Log:
<Not initialized>


Dynamic libraries:
0x00007ff730270000 - 0x00007ff730280000 	C:\Program Files\Java\jdk-18.0.2\bin\java.exe
0x00007ff98f750000 - 0x00007ff98f964000 	C:\WINDOWS\SYSTEM32\ntdll.dll
0x00007ff98db90000 - 0x00007ff98dc52000 	C:\WINDOWS\System32\KERNEL32.DLL
0x00007ff98d010000 - 0x00007ff98d3b3000 	C:\WINDOWS\System32\KERNELBASE.dll
0x00007ff98cef0000 - 0x00007ff98d001000 	C:\WINDOWS\System32\ucrtbase.dll
0x00007ff977020000 - 0x00007ff977038000 	C:\Program Files\Java\jdk-18.0.2\bin\jli.dll
0x00007ff987e60000 - 0x00007ff987e7a000 	C:\Program Files\Java\jdk-18.0.2\bin\VCRUNTIME140.dll
0x00007ff98d6f0000 - 0x00007ff98d79e000 	C:\WINDOWS\System32\ADVAPI32.dll
0x00007ff98e810000 - 0x00007ff98e8b7000 	C:\WINDOWS\System32\msvcrt.dll
0x00007ff98e330000 - 0x00007ff98e3d4000 	C:\WINDOWS\System32\sechost.dll
0x00007ff98e8c0000 - 0x00007ff98e9d7000 	C:\WINDOWS\System32\RPCRT4.dll
0x00007ff98dc60000 - 0x00007ff98de0a000 	C:\WINDOWS\System32\USER32.dll
0x00007ff98cbd0000 - 0x00007ff98cbf6000 	C:\WINDOWS\System32\win32u.dll
0x00007ff9746c0000 - 0x00007ff97494e000 	C:\WINDOWS\WinSxS\amd64_microsoft.windows.common-controls_6595b64144ccf1df_6.0.22621.1635_none_270f70857386168e\COMCTL32.dll
0x00007ff98e520000 - 0x00007ff98e549000 	C:\WINDOWS\System32\GDI32.dll
0x00007ff98cc00000 - 0x00007ff98cd19000 	C:\WINDOWS\System32\gdi32full.dll
0x00007ff98ce50000 - 0x00007ff98ceea000 	C:\WINDOWS\System32\msvcp_win.dll
0x00007ff9850a0000 - 0x00007ff9850aa000 	C:\WINDOWS\SYSTEM32\VERSION.dll
0x00007ff98e550000 - 0x00007ff98e581000 	C:\WINDOWS\System32\IMM32.DLL
0x00007ff987e50000 - 0x00007ff987e5c000 	C:\Program Files\Java\jdk-18.0.2\bin\vcruntime140_1.dll
0x00007ff985920000 - 0x00007ff9859ad000 	C:\Program Files\Java\jdk-18.0.2\bin\msvcp140.dll
0x00007ff91b5a0000 - 0x00007ff91c1b1000 	C:\Program Files\Java\jdk-18.0.2\bin\server\jvm.dll
0x00007ff98e320000 - 0x00007ff98e328000 	C:\WINDOWS\System32\PSAPI.DLL
0x00007ff973d50000 - 0x00007ff973d59000 	C:\WINDOWS\SYSTEM32\WSOCK32.dll
0x00007ff9857a0000 - 0x00007ff9857d4000 	C:\WINDOWS\SYSTEM32\WINMM.dll
0x00007ff98f570000 - 0x00007ff98f5e1000 	C:\WINDOWS\System32\WS2_32.dll
0x00007ff98bb90000 - 0x00007ff98bba8000 	C:\WINDOWS\SYSTEM32\kernel.appcore.dll
0x00007ff987e40000 - 0x00007ff987e4a000 	C:\Program Files\Java\jdk-18.0.2\bin\jimage.dll
0x00007ff98a6b0000 - 0x00007ff98a8de000 	C:\WINDOWS\SYSTEM32\DBGHELP.DLL
0x00007ff98d7c0000 - 0x00007ff98db49000 	C:\WINDOWS\System32\combase.dll
0x00007ff98e9e0000 - 0x00007ff98eab7000 	C:\WINDOWS\System32\OLEAUT32.dll
0x00007ff972ac0000 - 0x00007ff972af2000 	C:\WINDOWS\SYSTEM32\dbgcore.DLL
0x00007ff98cb50000 - 0x00007ff98cbca000 	C:\WINDOWS\System32\bcryptPrimitives.dll

dbghelp: loaded successfully - version: 4.0.5 - missing functions: none
symbol engine: initialized successfully - sym options: 0x614 - pdb path: .;C:\Program Files\Java\jdk-18.0.2\bin;C:\WINDOWS\SYSTEM32;C:\WINDOWS\WinSxS\amd64_microsoft.windows.common-controls_6595b64144ccf1df_6.0.22621.1635_none_270f70857386168e;C:\Program Files\Java\jdk-18.0.2\bin\server

VM Arguments:
java_command: <unknown>
java_class_path (initial): <not set>
Launcher Type: SUN_STANDARD

[Global flags]
     bool UseLargePagesIndividualAllocation        = false                                  {pd product} {ergonomic}

Logging:
Log output configuration:
 #0: stdout all=warning uptime,level,tags foldmultilines=false
 #1: stderr all=off uptime,level,tags foldmultilines=false

Environment Variables:
JAVA_HOME=C:\Program Files\Java\jdk-18.0.1.1\bin
PATH=C:\Program Files\Common Files\Oracle\Java\javapath;C:\Program Files\Java\jdk-18.0.1.1\bin;C:\WINDOWS\system32;C:\WINDOWS;C:\WINDOWS\System32\Wbem;C:\WINDOWS\System32\WindowsPowerShell\v1.0\;C:\WINDOWS\System32\OpenSSH\;C:\Program Files\NVIDIA Corporation\NVIDIA NvDLISR;C:\Program Files\Git\cmd;C:\Users\ADMIN\AppData\Local\Programs\Python\Python310\Scripts\;C:\Users\ADMIN\AppData\Local\Programs\Python\Python310\;C:\Users\ADMIN\AppData\Local\Microsoft\WindowsApps;C:\Program Files\Java\jdk-18.0.1.1\bin;;C:\Program Files\JetBrains\IntelliJ IDEA Community Edition 2022.1.4\bin;;C:\Users\ADMIN\AppData\Local\Programs\Microsoft VS Code\bin
USERNAME=ADMIN
OS=Windows_NT
PROCESSOR_IDENTIFIER=AMD64 Family 25 Model 80 Stepping 0, AuthenticAMD



---------------  S Y S T E M  ---------------

OS:
 Windows 11 , 64 bit Build 22621 (10.0.22621.1928)
OS uptime: 0 days 2:06 hours

CPU: total 12 (initial active 0) 

Memory: 4k page, system-wide physical 5996M (285M free)
TotalPageFile size 24428M (AvailPageFile size 2M)
current process WorkingSet (physical memory assigned to process): 9M, peak: 9M
current process commit charge ("private bytes"): 3M, peak: 3M

vm_info: Java HotSpot(TM) 64-Bit Server VM (18.0.2+9-61) for windows-amd64 JRE (18.0.2+9-61), built on Jun  7 2022 13:09:01 by "mach5one" with MS VC++ 16.8 / 16.9 (VS2019)

END.
