#
# There is insufficient memory for the Java Runtime Environment to continue.
# Native memory allocation (mmap) failed to map 65536 bytes for Failed to commit metaspace.
# Possible reasons:
#   The system is out of physical RAM or swap space
#   The process is running with CompressedOops enabled, and the Java Heap may be blocking the growth of the native heap
# Possible solutions:
#   Reduce memory load on the system
#   Increase physical memory or swap space
#   Check if swap backing store is full
#   Decrease Java heap size (-Xmx/-Xms)
#   Decrease number of Java threads
#   Decrease Java thread stack sizes (-Xss)
#   Set larger code cache with -XX:ReservedCodeCacheSize=
#   JVM is running with Unscaled Compressed Oops mode in which the Java heap is
#     placed in the first 4GB address space. The Java Heap base address is the
#     maximum limit for the native heap growth. Please use -XX:HeapBaseMinAddress
#     to set the Java Heap base and to place the Java Heap above 4GB virtual address.
# This output file may be truncated or incomplete.
#
#  Out of Memory Error (virtualSpaceNode.cpp:110), pid=23980, tid=15320
#
# JRE version: Java(TM) SE Runtime Environment (18.0.2+9) (build 18.0.2+9-61)
# Java VM: Java HotSpot(TM) 64-Bit Server VM (18.0.2+9-61, mixed mode, sharing, tiered, compressed oops, compressed class ptrs, g1 gc, windows-amd64)
# No core dump will be written. Minidumps are not enabled by default on client versions of Windows
#

---------------  S U M M A R Y ------------

Command Line: -Dfile.encoding=UTF-8 --module-path=C:\Users\ADMIN\Documents\NetBeansProjects\LibraryManagementSystem\build\classes librarymanagementsystem.Librarian

Host: AMD Ryzen 5 5600H with Radeon Graphics         , 12 cores, 5G,  Windows 11 , 64 bit Build 22621 (10.0.22621.1928)
Time: Tue Jul 18 14:58:55 2023 India Standard Time elapsed time: 0.271037 seconds (0d 0h 0m 0s)

---------------  T H R E A D  ---------------

Current thread (0x0000024c345bb140):  JavaThread "main" [_thread_in_vm, id=15320, stack(0x00000062f1800000,0x00000062f1900000)]

Stack: [0x00000062f1800000,0x00000062f1900000]
Native frames: (J=compiled Java code, j=interpreted, Vv=VM code, C=native code)
V  [jvm.dll+0x6993ca]
V  [jvm.dll+0x7f481d]
V  [jvm.dll+0x7f612e]
V  [jvm.dll+0x7f67e3]
V  [jvm.dll+0x25cdaf]
V  [jvm.dll+0x7f052b]
V  [jvm.dll+0x63f546]
V  [jvm.dll+0x63f5aa]
V  [jvm.dll+0x641e2e]
V  [jvm.dll+0x641cee]
V  [jvm.dll+0x63ff0e]
V  [jvm.dll+0x25152f]
V  [jvm.dll+0x64a545]
V  [jvm.dll+0x2027b1]
V  [jvm.dll+0x202ce5]
V  [jvm.dll+0x20371f]
V  [jvm.dll+0x1f8bb1]
V  [jvm.dll+0x55dc05]
V  [jvm.dll+0x209a67]
V  [jvm.dll+0x76dddd]
V  [jvm.dll+0x76f116]
V  [jvm.dll+0x76f448]
V  [jvm.dll+0x2551d6]
V  [jvm.dll+0x3a13de]
C  0x0000024c3bf0b80d

Java frames: (J=compiled Java code, j=interpreted, Vv=VM code)
j  javax.swing.RepaintManager.setPaintManager(Ljavax/swing/RepaintManager$PaintManager;)V+4 java.desktop@18.0.2
j  javax.swing.RepaintManager.getPaintManager()Ljavax/swing/RepaintManager$PaintManager;+99 java.desktop@18.0.2
j  javax.swing.RepaintManager.doubleBufferingChanged(Ljavax/swing/JRootPane;)V+1 java.desktop@18.0.2
j  javax.swing.JRootPane.setDoubleBuffered(Z)V+18 java.desktop@18.0.2
j  javax.swing.JRootPane.<init>()V+43 java.desktop@18.0.2
j  javax.swing.JFrame.createRootPane()Ljavax/swing/JRootPane;+4 java.desktop@18.0.2
j  javax.swing.JFrame.frameInit()V+16 java.desktop@18.0.2
j  javax.swing.JFrame.<init>(Ljava/lang/String;)V+21 java.desktop@18.0.2
j  librarymanagementsystem.Librarian.<init>()V+3
j  librarymanagementsystem.Librarian.main([Ljava/lang/String;)V+4
v  ~StubRoutines::call_stub

---------------  P R O C E S S  ---------------

Threads class SMR info:
_java_thread_list=0x0000024c55d786d0, length=15, elements={
0x0000024c345bb140, 0x0000024c517d2200, 0x0000024c517d3340, 0x0000024c517f48a0,
0x0000024c517f7250, 0x0000024c517fa3a0, 0x0000024c517fe9e0, 0x0000024c518005f0,
0x0000024c51801770, 0x0000024c51813920, 0x0000024c517beaa0, 0x0000024c55ce0190,
0x0000024c55eaf510, 0x0000024c55e80ed0, 0x0000024c55e84670
}

Java Threads: ( => current thread )
=>0x0000024c345bb140 JavaThread "main" [_thread_in_vm, id=15320, stack(0x00000062f1800000,0x00000062f1900000)]
  0x0000024c517d2200 JavaThread "Reference Handler" daemon [_thread_blocked, id=16572, stack(0x00000062f1f00000,0x00000062f2000000)]
  0x0000024c517d3340 JavaThread "Finalizer" daemon [_thread_blocked, id=22476, stack(0x00000062f2000000,0x00000062f2100000)]
  0x0000024c517f48a0 JavaThread "Signal Dispatcher" daemon [_thread_blocked, id=11016, stack(0x00000062f2100000,0x00000062f2200000)]
  0x0000024c517f7250 JavaThread "Attach Listener" daemon [_thread_blocked, id=13784, stack(0x00000062f2200000,0x00000062f2300000)]
  0x0000024c517fa3a0 JavaThread "Service Thread" daemon [_thread_blocked, id=23840, stack(0x00000062f2300000,0x00000062f2400000)]
  0x0000024c517fe9e0 JavaThread "Monitor Deflation Thread" daemon [_thread_blocked, id=18600, stack(0x00000062f2400000,0x00000062f2500000)]
  0x0000024c518005f0 JavaThread "C2 CompilerThread0" daemon [_thread_blocked, id=24540, stack(0x00000062f2500000,0x00000062f2600000)]
  0x0000024c51801770 JavaThread "C1 CompilerThread0" daemon [_thread_blocked, id=19572, stack(0x00000062f2600000,0x00000062f2700000)]
  0x0000024c51813920 JavaThread "Sweeper thread" daemon [_thread_blocked, id=21344, stack(0x00000062f2700000,0x00000062f2800000)]
  0x0000024c517beaa0 JavaThread "Common-Cleaner" daemon [_thread_blocked, id=22408, stack(0x00000062f2800000,0x00000062f2900000)]
  0x0000024c55ce0190 JavaThread "Notification Thread" daemon [_thread_blocked, id=18188, stack(0x00000062f2900000,0x00000062f2a00000)]
  0x0000024c55eaf510 JavaThread "Java2D Disposer" daemon [_thread_blocked, id=9176, stack(0x00000062f2b00000,0x00000062f2c00000)]
  0x0000024c55e80ed0 JavaThread "AWT-Shutdown" [_thread_blocked, id=20780, stack(0x00000062f2c00000,0x00000062f2d00000)]
  0x0000024c55e84670 JavaThread "AWT-Windows" daemon [_thread_in_native, id=21656, stack(0x00000062f2d00000,0x00000062f2e00000)]

Other Threads:
  0x0000024c34622840 VMThread "VM Thread" [stack: 0x00000062f1e00000,0x00000062f1f00000] [id=24408]
  0x0000024c55ce0860 WatcherThread "VM Periodic Task Thread" [stack: 0x00000062f2a00000,0x00000062f2b00000] [id=20876]
  0x0000024c3460d840 WorkerThread "GC Thread#0" [stack: 0x00000062f1900000,0x00000062f1a00000] [id=7604]
  0x0000024c3461a450 ConcurrentGCThread "G1 Main Marker" [stack: 0x00000062f1a00000,0x00000062f1b00000] [id=1932]
  0x0000024c3461b5e0 WorkerThread "G1 Conc#0" [stack: 0x00000062f1b00000,0x00000062f1c00000] [id=22632]
  0x0000024c34669b30 ConcurrentGCThread "G1 Refine#0" [stack: 0x00000062f1c00000,0x00000062f1d00000] [id=19524]
  0x0000024c3466a440 ConcurrentGCThread "G1 Service" [stack: 0x00000062f1d00000,0x00000062f1e00000] [id=13384]

Threads with active compile tasks:

VM state: not at safepoint (normal execution)

VM Mutex/Monitor currently owned by a thread:  ([mutex/lock_event])
[0x0000024c345b51d0] Metaspace_lock - owner thread: 0x0000024c345bb140

Heap address: 0x00000000a2400000, size: 1500 MB, Compressed Oops mode: 32-bit

CDS archive(s) mapped at: [0x0000000800000000-0x0000000800ba0000-0x0000000800ba0000), size 12189696, SharedBaseAddress: 0x0000000800000000, ArchiveRelocationMode: 0.
Compressed class space mapped at: 0x0000000800c00000-0x0000000840c00000, reserved size: 1073741824
Narrow klass base: 0x0000000800000000, Narrow klass shift: 0, Narrow klass range: 0x100000000

GC Precious Log:
 CardTable entry size: 512
 Card Set container configuration: InlinePtr #cards 5 size 8 Array Of Cards #cards 12 size 40 Howl #buckets 4 coarsen threshold 1843 Howl Bitmap #cards 512 size 80 coarsen threshold 460 Card regions per heap region 1 cards per card region 2048
 CPUs: 12 total, 12 available
 Memory: 5996M
 Large Page Support: Disabled
 NUMA Support: Disabled
 Compressed Oops: Enabled (32-bit)
 Heap Region Size: 1M
 Heap Min Capacity: 8M
 Heap Initial Capacity: 94M
 Heap Max Capacity: 1500M
 Pre-touch: Disabled
 Parallel Workers: 10
 Concurrent Workers: 3
 Concurrent Refinement Workers: 10
 Periodic GC: Disabled

Heap:
 garbage-first heap   total 96256K, used 4096K [0x00000000a2400000, 0x0000000100000000)
  region size 1024K, 5 young (5120K), 0 survivors (0K)
 Metaspace       used 3941K, committed 4096K, reserved 1114112K
  class space    used 414K, committed 512K, reserved 1048576K

Heap Regions: E=young(eden), S=young(survivor), O=old, HS=humongous(starts), HC=humongous(continues), CS=collection set, F=free, OA=open archive, CA=closed archive, TAMS=top-at-mark-start (previous, next)
|   0|0x00000000a2400000, 0x00000000a2400000, 0x00000000a2500000|  0%| F|  |TAMS 0x00000000a2400000, 0x00000000a2400000| Untracked 
|   1|0x00000000a2500000, 0x00000000a2500000, 0x00000000a2600000|  0%| F|  |TAMS 0x00000000a2500000, 0x00000000a2500000| Untracked 
|   2|0x00000000a2600000, 0x00000000a2600000, 0x00000000a2700000|  0%| F|  |TAMS 0x00000000a2600000, 0x00000000a2600000| Untracked 
|   3|0x00000000a2700000, 0x00000000a2700000, 0x00000000a2800000|  0%| F|  |TAMS 0x00000000a2700000, 0x00000000a2700000| Untracked 
|   4|0x00000000a2800000, 0x00000000a2800000, 0x00000000a2900000|  0%| F|  |TAMS 0x00000000a2800000, 0x00000000a2800000| Untracked 
|   5|0x00000000a2900000, 0x00000000a2900000, 0x00000000a2a00000|  0%| F|  |TAMS 0x00000000a2900000, 0x00000000a2900000| Untracked 
|   6|0x00000000a2a00000, 0x00000000a2a00000, 0x00000000a2b00000|  0%| F|  |TAMS 0x00000000a2a00000, 0x00000000a2a00000| Untracked 
|   7|0x00000000a2b00000, 0x00000000a2b00000, 0x00000000a2c00000|  0%| F|  |TAMS 0x00000000a2b00000, 0x00000000a2b00000| Untracked 
|   8|0x00000000a2c00000, 0x00000000a2c00000, 0x00000000a2d00000|  0%| F|  |TAMS 0x00000000a2c00000, 0x00000000a2c00000| Untracked 
|   9|0x00000000a2d00000, 0x00000000a2d00000, 0x00000000a2e00000|  0%| F|  |TAMS 0x00000000a2d00000, 0x00000000a2d00000| Untracked 
|  10|0x00000000a2e00000, 0x00000000a2e00000, 0x00000000a2f00000|  0%| F|  |TAMS 0x00000000a2e00000, 0x00000000a2e00000| Untracked 
|  11|0x00000000a2f00000, 0x00000000a2f00000, 0x00000000a3000000|  0%| F|  |TAMS 0x00000000a2f00000, 0x00000000a2f00000| Untracked 
|  12|0x00000000a3000000, 0x00000000a3000000, 0x00000000a3100000|  0%| F|  |TAMS 0x00000000a3000000, 0x00000000a3000000| Untracked 
|  13|0x00000000a3100000, 0x00000000a3100000, 0x00000000a3200000|  0%| F|  |TAMS 0x00000000a3100000, 0x00000000a3100000| Untracked 
|  14|0x00000000a3200000, 0x00000000a3200000, 0x00000000a3300000|  0%| F|  |TAMS 0x00000000a3200000, 0x00000000a3200000| Untracked 
|  15|0x00000000a3300000, 0x00000000a3300000, 0x00000000a3400000|  0%| F|  |TAMS 0x00000000a3300000, 0x00000000a3300000| Untracked 
|  16|0x00000000a3400000, 0x00000000a3400000, 0x00000000a3500000|  0%| F|  |TAMS 0x00000000a3400000, 0x00000000a3400000| Untracked 
|  17|0x00000000a3500000, 0x00000000a3500000, 0x00000000a3600000|  0%| F|  |TAMS 0x00000000a3500000, 0x00000000a3500000| Untracked 
|  18|0x00000000a3600000, 0x00000000a3600000, 0x00000000a3700000|  0%| F|  |TAMS 0x00000000a3600000, 0x00000000a3600000| Untracked 
|  19|0x00000000a3700000, 0x00000000a3700000, 0x00000000a3800000|  0%| F|  |TAMS 0x00000000a3700000, 0x00000000a3700000| Untracked 
|  20|0x00000000a3800000, 0x00000000a3800000, 0x00000000a3900000|  0%| F|  |TAMS 0x00000000a3800000, 0x00000000a3800000| Untracked 
|  21|0x00000000a3900000, 0x00000000a3900000, 0x00000000a3a00000|  0%| F|  |TAMS 0x00000000a3900000, 0x00000000a3900000| Untracked 
|  22|0x00000000a3a00000, 0x00000000a3a00000, 0x00000000a3b00000|  0%| F|  |TAMS 0x00000000a3a00000, 0x00000000a3a00000| Untracked 
|  23|0x00000000a3b00000, 0x00000000a3b00000, 0x00000000a3c00000|  0%| F|  |TAMS 0x00000000a3b00000, 0x00000000a3b00000| Untracked 
|  24|0x00000000a3c00000, 0x00000000a3c00000, 0x00000000a3d00000|  0%| F|  |TAMS 0x00000000a3c00000, 0x00000000a3c00000| Untracked 
|  25|0x00000000a3d00000, 0x00000000a3d00000, 0x00000000a3e00000|  0%| F|  |TAMS 0x00000000a3d00000, 0x00000000a3d00000| Untracked 
|  26|0x00000000a3e00000, 0x00000000a3e00000, 0x00000000a3f00000|  0%| F|  |TAMS 0x00000000a3e00000, 0x00000000a3e00000| Untracked 
|  27|0x00000000a3f00000, 0x00000000a3f00000, 0x00000000a4000000|  0%| F|  |TAMS 0x00000000a3f00000, 0x00000000a3f00000| Untracked 
|  28|0x00000000a4000000, 0x00000000a4000000, 0x00000000a4100000|  0%| F|  |TAMS 0x00000000a4000000, 0x00000000a4000000| Untracked 
|  29|0x00000000a4100000, 0x00000000a4100000, 0x00000000a4200000|  0%| F|  |TAMS 0x00000000a4100000, 0x00000000a4100000| Untracked 
|  30|0x00000000a4200000, 0x00000000a4200000, 0x00000000a4300000|  0%| F|  |TAMS 0x00000000a4200000, 0x00000000a4200000| Untracked 
|  31|0x00000000a4300000, 0x00000000a4300000, 0x00000000a4400000|  0%| F|  |TAMS 0x00000000a4300000, 0x00000000a4300000| Untracked 
|  32|0x00000000a4400000, 0x00000000a4400000, 0x00000000a4500000|  0%| F|  |TAMS 0x00000000a4400000, 0x00000000a4400000| Untracked 
|  33|0x00000000a4500000, 0x00000000a4500000, 0x00000000a4600000|  0%| F|  |TAMS 0x00000000a4500000, 0x00000000a4500000| Untracked 
|  34|0x00000000a4600000, 0x00000000a4600000, 0x00000000a4700000|  0%| F|  |TAMS 0x00000000a4600000, 0x00000000a4600000| Untracked 
|  35|0x00000000a4700000, 0x00000000a4700000, 0x00000000a4800000|  0%| F|  |TAMS 0x00000000a4700000, 0x00000000a4700000| Untracked 
|  36|0x00000000a4800000, 0x00000000a4800000, 0x00000000a4900000|  0%| F|  |TAMS 0x00000000a4800000, 0x00000000a4800000| Untracked 
|  37|0x00000000a4900000, 0x00000000a4900000, 0x00000000a4a00000|  0%| F|  |TAMS 0x00000000a4900000, 0x00000000a4900000| Untracked 
|  38|0x00000000a4a00000, 0x00000000a4a00000, 0x00000000a4b00000|  0%| F|  |TAMS 0x00000000a4a00000, 0x00000000a4a00000| Untracked 
|  39|0x00000000a4b00000, 0x00000000a4b00000, 0x00000000a4c00000|  0%| F|  |TAMS 0x00000000a4b00000, 0x00000000a4b00000| Untracked 
|  40|0x00000000a4c00000, 0x00000000a4c00000, 0x00000000a4d00000|  0%| F|  |TAMS 0x00000000a4c00000, 0x00000000a4c00000| Untracked 
|  41|0x00000000a4d00000, 0x00000000a4d00000, 0x00000000a4e00000|  0%| F|  |TAMS 0x00000000a4d00000, 0x00000000a4d00000| Untracked 
|  42|0x00000000a4e00000, 0x00000000a4e00000, 0x00000000a4f00000|  0%| F|  |TAMS 0x00000000a4e00000, 0x00000000a4e00000| Untracked 
|  43|0x00000000a4f00000, 0x00000000a4f00000, 0x00000000a5000000|  0%| F|  |TAMS 0x00000000a4f00000, 0x00000000a4f00000| Untracked 
|  44|0x00000000a5000000, 0x00000000a5000000, 0x00000000a5100000|  0%| F|  |TAMS 0x00000000a5000000, 0x00000000a5000000| Untracked 
|  45|0x00000000a5100000, 0x00000000a5100000, 0x00000000a5200000|  0%| F|  |TAMS 0x00000000a5100000, 0x00000000a5100000| Untracked 
|  46|0x00000000a5200000, 0x00000000a5200000, 0x00000000a5300000|  0%| F|  |TAMS 0x00000000a5200000, 0x00000000a5200000| Untracked 
|  47|0x00000000a5300000, 0x00000000a5300000, 0x00000000a5400000|  0%| F|  |TAMS 0x00000000a5300000, 0x00000000a5300000| Untracked 
|  48|0x00000000a5400000, 0x00000000a5400000, 0x00000000a5500000|  0%| F|  |TAMS 0x00000000a5400000, 0x00000000a5400000| Untracked 
|  49|0x00000000a5500000, 0x00000000a5500000, 0x00000000a5600000|  0%| F|  |TAMS 0x00000000a5500000, 0x00000000a5500000| Untracked 
|  50|0x00000000a5600000, 0x00000000a5600000, 0x00000000a5700000|  0%| F|  |TAMS 0x00000000a5600000, 0x00000000a5600000| Untracked 
|  51|0x00000000a5700000, 0x00000000a5700000, 0x00000000a5800000|  0%| F|  |TAMS 0x00000000a5700000, 0x00000000a5700000| Untracked 
|  52|0x00000000a5800000, 0x00000000a5800000, 0x00000000a5900000|  0%| F|  |TAMS 0x00000000a5800000, 0x00000000a5800000| Untracked 
|  53|0x00000000a5900000, 0x00000000a5900000, 0x00000000a5a00000|  0%| F|  |TAMS 0x00000000a5900000, 0x00000000a5900000| Untracked 
|  54|0x00000000a5a00000, 0x00000000a5a00000, 0x00000000a5b00000|  0%| F|  |TAMS 0x00000000a5a00000, 0x00000000a5a00000| Untracked 
|  55|0x00000000a5b00000, 0x00000000a5b00000, 0x00000000a5c00000|  0%| F|  |TAMS 0x00000000a5b00000, 0x00000000a5b00000| Untracked 
|  56|0x00000000a5c00000, 0x00000000a5c00000, 0x00000000a5d00000|  0%| F|  |TAMS 0x00000000a5c00000, 0x00000000a5c00000| Untracked 
|  57|0x00000000a5d00000, 0x00000000a5d00000, 0x00000000a5e00000|  0%| F|  |TAMS 0x00000000a5d00000, 0x00000000a5d00000| Untracked 
|  58|0x00000000a5e00000, 0x00000000a5e00000, 0x00000000a5f00000|  0%| F|  |TAMS 0x00000000a5e00000, 0x00000000a5e00000| Untracked 
|  59|0x00000000a5f00000, 0x00000000a5f00000, 0x00000000a6000000|  0%| F|  |TAMS 0x00000000a5f00000, 0x00000000a5f00000| Untracked 
|  60|0x00000000a6000000, 0x00000000a6000000, 0x00000000a6100000|  0%| F|  |TAMS 0x00000000a6000000, 0x00000000a6000000| Untracked 
|  61|0x00000000a6100000, 0x00000000a6100000, 0x00000000a6200000|  0%| F|  |TAMS 0x00000000a6100000, 0x00000000a6100000| Untracked 
|  62|0x00000000a6200000, 0x00000000a6200000, 0x00000000a6300000|  0%| F|  |TAMS 0x00000000a6200000, 0x00000000a6200000| Untracked 
|  63|0x00000000a6300000, 0x00000000a6300000, 0x00000000a6400000|  0%| F|  |TAMS 0x00000000a6300000, 0x00000000a6300000| Untracked 
|  64|0x00000000a6400000, 0x00000000a6400000, 0x00000000a6500000|  0%| F|  |TAMS 0x00000000a6400000, 0x00000000a6400000| Untracked 
|  65|0x00000000a6500000, 0x00000000a6500000, 0x00000000a6600000|  0%| F|  |TAMS 0x00000000a6500000, 0x00000000a6500000| Untracked 
|  66|0x00000000a6600000, 0x00000000a6600000, 0x00000000a6700000|  0%| F|  |TAMS 0x00000000a6600000, 0x00000000a6600000| Untracked 
|  67|0x00000000a6700000, 0x00000000a6700000, 0x00000000a6800000|  0%| F|  |TAMS 0x00000000a6700000, 0x00000000a6700000| Untracked 
|  68|0x00000000a6800000, 0x00000000a6800000, 0x00000000a6900000|  0%| F|  |TAMS 0x00000000a6800000, 0x00000000a6800000| Untracked 
|  69|0x00000000a6900000, 0x00000000a6900000, 0x00000000a6a00000|  0%| F|  |TAMS 0x00000000a6900000, 0x00000000a6900000| Untracked 
|  70|0x00000000a6a00000, 0x00000000a6a00000, 0x00000000a6b00000|  0%| F|  |TAMS 0x00000000a6a00000, 0x00000000a6a00000| Untracked 
|  71|0x00000000a6b00000, 0x00000000a6b00000, 0x00000000a6c00000|  0%| F|  |TAMS 0x00000000a6b00000, 0x00000000a6b00000| Untracked 
|  72|0x00000000a6c00000, 0x00000000a6c00000, 0x00000000a6d00000|  0%| F|  |TAMS 0x00000000a6c00000, 0x00000000a6c00000| Untracked 
|  73|0x00000000a6d00000, 0x00000000a6d00000, 0x00000000a6e00000|  0%| F|  |TAMS 0x00000000a6d00000, 0x00000000a6d00000| Untracked 
|  74|0x00000000a6e00000, 0x00000000a6e00000, 0x00000000a6f00000|  0%| F|  |TAMS 0x00000000a6e00000, 0x00000000a6e00000| Untracked 
|  75|0x00000000a6f00000, 0x00000000a6f00000, 0x00000000a7000000|  0%| F|  |TAMS 0x00000000a6f00000, 0x00000000a6f00000| Untracked 
|  76|0x00000000a7000000, 0x00000000a7000000, 0x00000000a7100000|  0%| F|  |TAMS 0x00000000a7000000, 0x00000000a7000000| Untracked 
|  77|0x00000000a7100000, 0x00000000a7100000, 0x00000000a7200000|  0%| F|  |TAMS 0x00000000a7100000, 0x00000000a7100000| Untracked 
|  78|0x00000000a7200000, 0x00000000a7200000, 0x00000000a7300000|  0%| F|  |TAMS 0x00000000a7200000, 0x00000000a7200000| Untracked 
|  79|0x00000000a7300000, 0x00000000a7300000, 0x00000000a7400000|  0%| F|  |TAMS 0x00000000a7300000, 0x00000000a7300000| Untracked 
|  80|0x00000000a7400000, 0x00000000a7400000, 0x00000000a7500000|  0%| F|  |TAMS 0x00000000a7400000, 0x00000000a7400000| Untracked 
|  81|0x00000000a7500000, 0x00000000a7500000, 0x00000000a7600000|  0%| F|  |TAMS 0x00000000a7500000, 0x00000000a7500000| Untracked 
|  82|0x00000000a7600000, 0x00000000a7600000, 0x00000000a7700000|  0%| F|  |TAMS 0x00000000a7600000, 0x00000000a7600000| Untracked 
|  83|0x00000000a7700000, 0x00000000a7700000, 0x00000000a7800000|  0%| F|  |TAMS 0x00000000a7700000, 0x00000000a7700000| Untracked 
|  84|0x00000000a7800000, 0x00000000a7800000, 0x00000000a7900000|  0%| F|  |TAMS 0x00000000a7800000, 0x00000000a7800000| Untracked 
|  85|0x00000000a7900000, 0x00000000a7900000, 0x00000000a7a00000|  0%| F|  |TAMS 0x00000000a7900000, 0x00000000a7900000| Untracked 
|  86|0x00000000a7a00000, 0x00000000a7a00000, 0x00000000a7b00000|  0%| F|  |TAMS 0x00000000a7a00000, 0x00000000a7a00000| Untracked 
|  87|0x00000000a7b00000, 0x00000000a7b00000, 0x00000000a7c00000|  0%| F|  |TAMS 0x00000000a7b00000, 0x00000000a7b00000| Untracked 
|  88|0x00000000a7c00000, 0x00000000a7c00000, 0x00000000a7d00000|  0%| F|  |TAMS 0x00000000a7c00000, 0x00000000a7c00000| Untracked 
|  89|0x00000000a7d00000, 0x00000000a7dec288, 0x00000000a7e00000| 92%| E|  |TAMS 0x00000000a7d00000, 0x00000000a7d00000| Complete 
|  90|0x00000000a7e00000, 0x00000000a7f00000, 0x00000000a7f00000|100%| E|CS|TAMS 0x00000000a7e00000, 0x00000000a7e00000| Complete 
|  91|0x00000000a7f00000, 0x00000000a8000000, 0x00000000a8000000|100%| E|CS|TAMS 0x00000000a7f00000, 0x00000000a7f00000| Complete 
|  92|0x00000000a8000000, 0x00000000a8100000, 0x00000000a8100000|100%| E|CS|TAMS 0x00000000a8000000, 0x00000000a8000000| Complete 
|  93|0x00000000a8100000, 0x00000000a8200000, 0x00000000a8200000|100%| E|CS|TAMS 0x00000000a8100000, 0x00000000a8100000| Complete 

Card table byte_map: [0x0000024c4b730000,0x0000024c4ba20000] _byte_map_base: 0x0000024c4b21e000

Marking Bits (Prev, Next): (CMBitMap*) 0x0000024c3460de40, (CMBitMap*) 0x0000024c3460de80
 Prev Bits: [0x0000024c4bd10000, 0x0000024c4d480000)
 Next Bits: [0x0000024c4d480000, 0x0000024c4ebf0000)

Polling page: 0x0000024c33d80000

Metaspace:

Usage:
  Non-class:      3.44 MB used.
      Class:    414.95 KB used.
       Both:      3.85 MB used.

Virtual space:
  Non-class space:       64.00 MB reserved,       3.50 MB (  5%) committed,  1 nodes.
      Class space:        1.00 GB reserved,     512.00 KB ( <1%) committed,  1 nodes.
             Both:        1.06 GB reserved,       4.00 MB ( <1%) committed. 

Chunk freelists:
   Non-Class:  3.90 MB
       Class:  3.51 MB
        Both:  7.41 MB

MaxMetaspaceSize: unlimited
CompressedClassSpaceSize: 1.00 GB
Initial GC threshold: 21.00 MB
Current GC threshold: 21.00 MB
CDS: on
MetaspaceReclaimPolicy: balanced
 - commit_granule_bytes: 65536.
 - commit_granule_words: 8192.
 - virtual_space_node_default_size: 8388608.
 - enlarge_chunks_in_place: 1.
 - new_chunks_are_fully_committed: 0.
 - uncommit_free_chunks: 1.
 - use_allocation_guard: 0.


Internal statistics:

num_allocs_failed_limit: 0.
num_arena_births: 94.
num_arena_deaths: 0.
num_vsnodes_births: 2.
num_vsnodes_deaths: 0.
num_space_committed: 64.
num_space_uncommitted: 0.
num_chunks_returned_to_freelist: 0.
num_chunks_taken_from_freelist: 123.
num_chunk_merges: 0.
num_chunk_splits: 70.
num_chunks_enlarged: 21.
num_inconsistent_stats: 0.

CodeHeap 'non-profiled nmethods': size=120000Kb used=149Kb max_used=149Kb free=119850Kb
 bounds [0x0000024c439c0000, 0x0000024c43c30000, 0x0000024c4aef0000]
CodeHeap 'profiled nmethods': size=120000Kb used=725Kb max_used=725Kb free=119274Kb
 bounds [0x0000024c3c490000, 0x0000024c3c700000, 0x0000024c439c0000]
CodeHeap 'non-nmethods': size=5760Kb used=1194Kb max_used=1206Kb free=4566Kb
 bounds [0x0000024c3bef0000, 0x0000024c3c160000, 0x0000024c3c490000]
 total_blobs=1006 nmethods=522 adapters=397
 compilation: enabled
              stopped_count=0, restarted_count=0
 full_count=0

Compilation events (20 events):
Event: 0.262 Thread 0x0000024c51801770  513       3       jdk.internal.jimage.ImageStringsReader::unmaskedHashCode (166 bytes)
Event: 0.263 Thread 0x0000024c51801770 nmethod 513 0x0000024c3c53ef90 code [0x0000024c3c53f1c0, 0x0000024c3c53fd38]
Event: 0.263 Thread 0x0000024c51801770  514       3       java.lang.CharacterData::of (136 bytes)
Event: 0.263 Thread 0x0000024c51801770 nmethod 514 0x0000024c3c540210 code [0x0000024c3c540440, 0x0000024c3c540dd8]
Event: 0.263 Thread 0x0000024c51801770  515       3       java.lang.String::startsWith (138 bytes)
Event: 0.264 Thread 0x0000024c51801770 nmethod 515 0x0000024c3c541010 code [0x0000024c3c541220, 0x0000024c3c541ab8]
Event: 0.264 Thread 0x0000024c51801770  516       3       java.lang.String::endsWith (15 bytes)
Event: 0.264 Thread 0x0000024c51801770 nmethod 516 0x0000024c3c541d90 code [0x0000024c3c541f60, 0x0000024c3c5422a8]
Event: 0.264 Thread 0x0000024c51801770  517       3       sun.util.ResourceBundleEnumeration::hasMoreElements (117 bytes)
Event: 0.264 Thread 0x0000024c51801770 nmethod 517 0x0000024c3c542490 code [0x0000024c3c5426c0, 0x0000024c3c543188]
Event: 0.264 Thread 0x0000024c51801770  518       3       java.lang.invoke.InvokerBytecodeGenerator::emitStoreResult (27 bytes)
Event: 0.265 Thread 0x0000024c51801770 nmethod 518 0x0000024c3c543390 code [0x0000024c3c543540, 0x0000024c3c543728]
Event: 0.265 Thread 0x0000024c51801770  520       3       java.lang.invoke.InvokerBytecodeGenerator::emitPushArguments (45 bytes)
Event: 0.265 Thread 0x0000024c51801770 nmethod 520 0x0000024c3c543810 code [0x0000024c3c543a00, 0x0000024c3c543e78]
Event: 0.265 Thread 0x0000024c51801770  521       3       jdk.internal.org.objectweb.asm.Frame::push (59 bytes)
Event: 0.265 Thread 0x0000024c51801770 nmethod 521 0x0000024c3c544110 code [0x0000024c3c544340, 0x0000024c3c544b18]
Event: 0.265 Thread 0x0000024c51801770  519       3       java.lang.invoke.LambdaForm$NamedFunction::intrinsicName (21 bytes)
Event: 0.265 Thread 0x0000024c51801770 nmethod 519 0x0000024c3c544e90 code [0x0000024c3c545040, 0x0000024c3c545288]
Event: 0.266 Thread 0x0000024c51801770  522       3       java.lang.Class::getComponentType (14 bytes)
Event: 0.266 Thread 0x0000024c51801770 nmethod 522 0x0000024c3c545390 code [0x0000024c3c545540, 0x0000024c3c545708]

GC Heap History (0 events):
No events

Deoptimization events (4 events):
Event: 0.235 Thread 0x0000024c345bb140 Uncommon trap: trap_request=0xffffff45 fr.pc=0x0000024c439ced04 relative=0x0000000000000884
Event: 0.235 Thread 0x0000024c345bb140 Uncommon trap: reason=unstable_if action=reinterpret pc=0x0000024c439ced04 method=java.util.HashMap.putVal(ILjava/lang/Object;Ljava/lang/Object;ZZ)Ljava/lang/Object; @ 236 c2
Event: 0.235 Thread 0x0000024c345bb140 DEOPT PACKING pc=0x0000024c439ced04 sp=0x00000062f18fdec0
Event: 0.235 Thread 0x0000024c345bb140 DEOPT UNPACKING pc=0x0000024c3bf423a3 sp=0x00000062f18fde68 mode 2

Classes loaded (20 events):
Event: 0.264 Loading class javax/swing/plaf/PanelUI
Event: 0.264 Loading class javax/swing/plaf/ComponentUI
Event: 0.264 Loading class javax/swing/plaf/ComponentUI done
Event: 0.264 Loading class javax/swing/plaf/PanelUI done
Event: 0.264 Loading class javax/swing/plaf/basic/BasicPanelUI done
Event: 0.264 Loading class java/awt/Component$BaselineResizeBehavior
Event: 0.264 Loading class java/awt/Component$BaselineResizeBehavior done
Event: 0.265 Loading class javax/swing/RepaintManager$ProcessingRunnable
Event: 0.265 Loading class javax/swing/RepaintManager$ProcessingRunnable done
Event: 0.265 Loading class com/sun/java/swing/SwingUtilities3
Event: 0.265 Loading class com/sun/java/swing/SwingUtilities3 done
Event: 0.265 Loading class javax/swing/JLayeredPane
Event: 0.265 Loading class javax/swing/JLayeredPane done
Event: 0.266 Loading class javax/swing/JRootPane$1
Event: 0.266 Loading class javax/swing/JRootPane$1 done
Event: 0.266 Loading class javax/swing/ArrayTable
Event: 0.266 Loading class javax/swing/ArrayTable done
Event: 0.266 Loading class javax/swing/JRootPane$RootLayout
Event: 0.266 Loading class javax/swing/JRootPane$RootLayout done
Event: 0.266 Loading class javax/swing/RepaintManager$PaintManager

Classes unloaded (0 events):
No events

Classes redefined (0 events):
No events

Internal exceptions (12 events):
Event: 0.090 Thread 0x0000024c345bb140 Exception <a 'sun/nio/fs/WindowsException'{0x00000000a8035b50}> (0x00000000a8035b50) 
thrown [s\open\src\hotspot\share\prims\jni.cpp, line 516]
Event: 0.090 Thread 0x0000024c345bb140 Exception <a 'sun/nio/fs/WindowsException'{0x00000000a80360d0}> (0x00000000a80360d0) 
thrown [s\open\src\hotspot\share\prims\jni.cpp, line 516]
Event: 0.091 Thread 0x0000024c345bb140 Exception <a 'sun/nio/fs/WindowsException'{0x00000000a8038a58}> (0x00000000a8038a58) 
thrown [s\open\src\hotspot\share\prims\jni.cpp, line 516]
Event: 0.111 Thread 0x0000024c345bb140 Exception <a 'java/lang/ClassNotFoundException'{0x00000000a80f84a0}: sun/awt/resources/spi/awtProvider> (0x00000000a80f84a0) 
thrown [s\open\src\hotspot\share\classfile\systemDictionary.cpp, line 255]
Event: 0.124 Thread 0x0000024c345bb140 Exception <a 'java/io/FileNotFoundException'{0x00000000a7f4c688}> (0x00000000a7f4c688) 
thrown [s\open\src\hotspot\share\prims\jni.cpp, line 516]
Event: 0.128 Thread 0x0000024c345bb140 Exception <a 'java/io/FileNotFoundException'{0x00000000a7f79b58}> (0x00000000a7f79b58) 
thrown [s\open\src\hotspot\share\prims\jni.cpp, line 516]
Event: 0.150 Thread 0x0000024c345bb140 Exception <a 'java/lang/NoSuchMethodError'{0x00000000a7fbdfa8}: 'java.lang.Object java.lang.invoke.DirectMethodHandle$Holder.invokeStaticInit(java.lang.Object)'> (0x00000000a7fbdfa8) 
thrown [s\open\src\hotspot\share\interpreter\linkResolver.cpp, line 759]
Event: 0.236 Thread 0x0000024c345bb140 Exception <a 'java/lang/NoSuchMethodError'{0x00000000a7e902e8}: 'void java.lang.invoke.DirectMethodHandle$Holder.invokeSpecial(java.lang.Object, java.lang.Object, java.lang.Object)'> (0x00000000a7e902e8) 
thrown [s\open\src\hotspot\share\interpreter\linkResolver.cpp, line 759]
Event: 0.242 Thread 0x0000024c345bb140 Exception <a 'java/lang/NoSuchMethodError'{0x00000000a7ebb3f0}: 'java.lang.Object java.lang.invoke.DirectMethodHandle$Holder.newInvokeSpecial(java.lang.Object, java.lang.Object, java.lang.Object, java.lang.Object, java.lang.Object)'> (0x00000000a7ebb3f0) 
thrown [s\open\src\hotspot\share\interpreter\linkResolver.cpp, line 759]
Event: 0.246 Thread 0x0000024c345bb140 Exception <a 'java/lang/NoSuchMethodError'{0x00000000a7eed140}: 'java.lang.Object java.lang.invoke.DirectMethodHandle$Holder.invokeStatic(java.lang.Object, int, java.lang.Object)'> (0x00000000a7eed140) 
thrown [s\open\src\hotspot\share\interpreter\linkResolver.cpp, line 759]
Event: 0.262 Thread 0x0000024c345bb140 Exception <a 'java/lang/ClassNotFoundException'{0x00000000a7daa350}: com/sun/swing/internal/plaf/metal/resources/spi/metalProvider> (0x00000000a7daa350) 
thrown [s\open\src\hotspot\share\classfile\systemDictionary.cpp, line 255]
Event: 0.263 Thread 0x0000024c345bb140 Exception <a 'java/lang/ClassNotFoundException'{0x00000000a7dae388}: com/sun/swing/internal/plaf/basic/resources/spi/basicProvider> (0x00000000a7dae388) 
thrown [s\open\src\hotspot\share\classfile\systemDictionary.cpp, line 255]

VM Operations (2 events):
Event: 0.091 Executing VM operation: HandshakeAllThreads
Event: 0.091 Executing VM operation: HandshakeAllThreads done

Events (20 events):
Event: 0.057 Thread 0x0000024c345bb140 Thread added: 0x0000024c345bb140
Event: 0.059 Thread 0x0000024c517d2200 Thread added: 0x0000024c517d2200
Event: 0.059 Thread 0x0000024c517d3340 Thread added: 0x0000024c517d3340
Event: 0.066 Thread 0x0000024c517f48a0 Thread added: 0x0000024c517f48a0
Event: 0.066 Thread 0x0000024c517f7250 Thread added: 0x0000024c517f7250
Event: 0.066 Thread 0x0000024c517fa3a0 Thread added: 0x0000024c517fa3a0
Event: 0.066 Thread 0x0000024c517fe9e0 Thread added: 0x0000024c517fe9e0
Event: 0.066 Thread 0x0000024c518005f0 Thread added: 0x0000024c518005f0
Event: 0.066 Thread 0x0000024c51801770 Thread added: 0x0000024c51801770
Event: 0.066 Thread 0x0000024c51813920 Thread added: 0x0000024c51813920
Event: 0.081 Thread 0x0000024c517beaa0 Thread added: 0x0000024c517beaa0
Event: 0.088 Loaded shared library C:\Program Files\Java\jdk-18.0.2\bin\net.dll
Event: 0.089 Loaded shared library C:\Program Files\Java\jdk-18.0.2\bin\nio.dll
Event: 0.098 Thread 0x0000024c55ce0190 Thread added: 0x0000024c55ce0190
Event: 0.101 Loaded shared library C:\Program Files\Java\jdk-18.0.2\bin\zip.dll
Event: 0.108 Loaded shared library C:\Program Files\Java\jdk-18.0.2\bin\jimage.dll
Event: 0.117 Loaded shared library C:\Program Files\Java\jdk-18.0.2\bin\awt.dll
Event: 0.151 Thread 0x0000024c55eaf510 Thread added: 0x0000024c55eaf510
Event: 0.151 Thread 0x0000024c55e80ed0 Thread added: 0x0000024c55e80ed0
Event: 0.152 Thread 0x0000024c55e84670 Thread added: 0x0000024c55e84670


Dynamic libraries:
0x00007ff714a80000 - 0x00007ff714a90000 	C:\Program Files\Java\jdk-18.0.2\bin\java.exe
0x00007ff8f5410000 - 0x00007ff8f5624000 	C:\WINDOWS\SYSTEM32\ntdll.dll
0x00007ff8f45f0000 - 0x00007ff8f46b2000 	C:\WINDOWS\System32\KERNEL32.DLL
0x00007ff8f2d20000 - 0x00007ff8f30c3000 	C:\WINDOWS\System32\KERNELBASE.dll
0x00007ff8f30d0000 - 0x00007ff8f31e1000 	C:\WINDOWS\System32\ucrtbase.dll
0x00007ff891730000 - 0x00007ff89174a000 	C:\Program Files\Java\jdk-18.0.2\bin\VCRUNTIME140.dll
0x00007ff8edae0000 - 0x00007ff8edaf8000 	C:\Program Files\Java\jdk-18.0.2\bin\jli.dll
0x00007ff8f33a0000 - 0x00007ff8f344e000 	C:\WINDOWS\System32\ADVAPI32.dll
0x00007ff8f4bc0000 - 0x00007ff8f4c67000 	C:\WINDOWS\System32\msvcrt.dll
0x00007ff8f3550000 - 0x00007ff8f35f4000 	C:\WINDOWS\System32\sechost.dll
0x00007ff8f4aa0000 - 0x00007ff8f4bb7000 	C:\WINDOWS\System32\RPCRT4.dll
0x00007ff8f4750000 - 0x00007ff8f48fa000 	C:\WINDOWS\System32\USER32.dll
0x00007ff8f2880000 - 0x00007ff8f28a6000 	C:\WINDOWS\System32\win32u.dll
0x00007ff8daf60000 - 0x00007ff8db1ee000 	C:\WINDOWS\WinSxS\amd64_microsoft.windows.common-controls_6595b64144ccf1df_6.0.22621.1635_none_270f70857386168e\COMCTL32.dll
0x00007ff8f34b0000 - 0x00007ff8f34d9000 	C:\WINDOWS\System32\GDI32.dll
0x00007ff8f2a90000 - 0x00007ff8f2ba9000 	C:\WINDOWS\System32\gdi32full.dll
0x00007ff8f29f0000 - 0x00007ff8f2a8a000 	C:\WINDOWS\System32\msvcp_win.dll
0x00007ff8e9600000 - 0x00007ff8e960a000 	C:\WINDOWS\SYSTEM32\VERSION.dll
0x00007ff8f4e20000 - 0x00007ff8f4e51000 	C:\WINDOWS\System32\IMM32.DLL
0x00007ff8ec5b0000 - 0x00007ff8ec5bc000 	C:\Program Files\Java\jdk-18.0.2\bin\vcruntime140_1.dll
0x00007ff8617a0000 - 0x00007ff86182d000 	C:\Program Files\Java\jdk-18.0.2\bin\msvcp140.dll
0x00007ff854870000 - 0x00007ff855481000 	C:\Program Files\Java\jdk-18.0.2\bin\server\jvm.dll
0x00007ff8f3600000 - 0x00007ff8f3608000 	C:\WINDOWS\System32\PSAPI.DLL
0x00007ff8eb4b0000 - 0x00007ff8eb4e4000 	C:\WINDOWS\SYSTEM32\WINMM.dll
0x00007ff8d9180000 - 0x00007ff8d9189000 	C:\WINDOWS\SYSTEM32\WSOCK32.dll
0x00007ff8f46d0000 - 0x00007ff8f4741000 	C:\WINDOWS\System32\WS2_32.dll
0x00007ff8f1850000 - 0x00007ff8f1868000 	C:\WINDOWS\SYSTEM32\kernel.appcore.dll
0x00007ff86d960000 - 0x00007ff86d96a000 	C:\Program Files\Java\jdk-18.0.2\bin\jimage.dll
0x00007ff8f0290000 - 0x00007ff8f04be000 	C:\WINDOWS\SYSTEM32\DBGHELP.DLL
0x00007ff8f4e60000 - 0x00007ff8f51e9000 	C:\WINDOWS\System32\combase.dll
0x00007ff8f3b10000 - 0x00007ff8f3be7000 	C:\WINDOWS\System32\OLEAUT32.dll
0x00007ff8d69f0000 - 0x00007ff8d6a22000 	C:\WINDOWS\SYSTEM32\dbgcore.DLL
0x00007ff8f2970000 - 0x00007ff8f29ea000 	C:\WINDOWS\System32\bcryptPrimitives.dll
0x00007ff86dd80000 - 0x00007ff86dda5000 	C:\Program Files\Java\jdk-18.0.2\bin\java.dll
0x00007ff862360000 - 0x00007ff862436000 	C:\Program Files\Java\jdk-18.0.2\bin\jsvml.dll
0x00007ff8f3d60000 - 0x00007ff8f4559000 	C:\WINDOWS\System32\SHELL32.dll
0x00007ff8f07c0000 - 0x00007ff8f108e000 	C:\WINDOWS\SYSTEM32\windows.storage.dll
0x00007ff8f0680000 - 0x00007ff8f07be000 	C:\WINDOWS\SYSTEM32\wintypes.dll
0x00007ff8f31f0000 - 0x00007ff8f32e1000 	C:\WINDOWS\System32\SHCORE.dll
0x00007ff8f4900000 - 0x00007ff8f495e000 	C:\WINDOWS\System32\shlwapi.dll
0x00007ff8f2740000 - 0x00007ff8f2766000 	C:\WINDOWS\SYSTEM32\profapi.dll
0x00007ff862600000 - 0x00007ff862613000 	C:\Program Files\Java\jdk-18.0.2\bin\net.dll
0x00007ff8eb000000 - 0x00007ff8eb137000 	C:\WINDOWS\SYSTEM32\WINHTTP.dll
0x00007ff8f1cd0000 - 0x00007ff8f1d39000 	C:\WINDOWS\system32\mswsock.dll
0x00007ff862340000 - 0x00007ff862356000 	C:\Program Files\Java\jdk-18.0.2\bin\nio.dll
0x00007ff862320000 - 0x00007ff862338000 	C:\Program Files\Java\jdk-18.0.2\bin\zip.dll
0x00007ff8546e0000 - 0x00007ff85486f000 	C:\Program Files\Java\jdk-18.0.2\bin\awt.dll
0x00007ff8ef830000 - 0x00007ff8ef8c7000 	C:\WINDOWS\SYSTEM32\apphelp.dll
0x00007ff8efed0000 - 0x00007ff8efefb000 	C:\WINDOWS\system32\DWMAPI.DLL
0x00007ff8efac0000 - 0x00007ff8efb6b000 	C:\WINDOWS\system32\uxtheme.dll
0x00007ff8a67b0000 - 0x00007ff8a68b0000 	C:\WINDOWS\system32\opengl32.dll
0x00007ff8a6780000 - 0x00007ff8a67ad000 	C:\WINDOWS\SYSTEM32\GLU32.dll
0x00007ff8efba0000 - 0x00007ff8efbd8000 	C:\WINDOWS\SYSTEM32\dxcore.dll
0x00007ff8b9900000 - 0x00007ff8b9a39000 	C:\ProgramData\A-Volute\A-Volute.Nahimic\Modules\Scheduled\x64\AudioDevProps2.dll
0x00007ff8f4c70000 - 0x00007ff8f4e0c000 	C:\WINDOWS\System32\ole32.dll
0x00007ff8f4960000 - 0x00007ff8f4a87000 	C:\WINDOWS\System32\MSCTF.dll
0x00007ff8e2cf0000 - 0x00007ff8e2e99000 	C:\WINDOWS\system32\d3d9.dll
0x00007ff8e8bc0000 - 0x00007ff8e8d7b000 	C:\WINDOWS\System32\DriverStore\FileRepository\u0383722.inf_amd64_5cbaacf42cbd3812\B383240\aticfx64.dll
0x00007ff8edaa0000 - 0x00007ff8edad4000 	C:\WINDOWS\System32\DriverStore\FileRepository\u0383722.inf_amd64_5cbaacf42cbd3812\B383240\atiu9p64.dll
0x00007ff859ea0000 - 0x00007ff85abf5000 	C:\WINDOWS\System32\DriverStore\FileRepository\u0383722.inf_amd64_5cbaacf42cbd3812\B383240\atiumd64.dll
0x00007ff8e44c0000 - 0x00007ff8e44f5000 	C:\WINDOWS\SYSTEM32\amdihk64.dll
0x00007ff8eb6d0000 - 0x00007ff8eb718000 	C:\WINDOWS\SYSTEM32\directxdatabasehelper.dll

dbghelp: loaded successfully - version: 4.0.5 - missing functions: none
symbol engine: initialized successfully - sym options: 0x614 - pdb path: .;C:\Program Files\Java\jdk-18.0.2\bin;C:\WINDOWS\SYSTEM32;C:\WINDOWS\WinSxS\amd64_microsoft.windows.common-controls_6595b64144ccf1df_6.0.22621.1635_none_270f70857386168e;C:\Program Files\Java\jdk-18.0.2\bin\server;C:\ProgramData\A-Volute\A-Volute.Nahimic\Modules\Scheduled\x64;C:\WINDOWS\System32\DriverStore\FileRepository\u0383722.inf_amd64_5cbaacf42cbd3812\B383240

VM Arguments:
jvm_args: -Dfile.encoding=UTF-8 --module-path=C:\Users\ADMIN\Documents\NetBeansProjects\LibraryManagementSystem\build\classes 
java_command: librarymanagementsystem.Librarian
java_class_path (initial): C:\Users\ADMIN\Downloads\Electricity Billing System-20221115T153607Z-001\Electricity Billing System\mysql-connector-java-8.0.28.jar;C:\Users\ADMIN\Documents\NetBeansProjects\LibraryManagementSystem\build\classes
Launcher Type: SUN_STANDARD

[Global flags]
     intx CICompilerCount                          = 4                                         {product} {ergonomic}
     uint ConcGCThreads                            = 3                                         {product} {ergonomic}
     uint G1ConcRefinementThreads                  = 10                                        {product} {ergonomic}
   size_t G1HeapRegionSize                         = 1048576                                   {product} {ergonomic}
    uintx GCDrainStackTargetSize                   = 64                                        {product} {ergonomic}
   size_t InitialHeapSize                          = 98566144                                  {product} {ergonomic}
   size_t MarkStackSize                            = 4194304                                   {product} {ergonomic}
   size_t MaxHeapSize                              = 1572864000                                {product} {ergonomic}
   size_t MaxNewSize                               = 943718400                                 {product} {ergonomic}
   size_t MinHeapDeltaBytes                        = 1048576                                   {product} {ergonomic}
   size_t MinHeapSize                              = 8388608                                   {product} {ergonomic}
    uintx NonNMethodCodeHeapSize                   = 5839372                                {pd product} {ergonomic}
    uintx NonProfiledCodeHeapSize                  = 122909434                              {pd product} {ergonomic}
    uintx ProfiledCodeHeapSize                     = 122909434                              {pd product} {ergonomic}
    uintx ReservedCodeCacheSize                    = 251658240                              {pd product} {ergonomic}
     bool SegmentedCodeCache                       = true                                      {product} {ergonomic}
   size_t SoftMaxHeapSize                          = 1572864000                             {manageable} {ergonomic}
     bool UseCompressedClassPointers               = true                           {product lp64_product} {ergonomic}
     bool UseCompressedOops                        = true                           {product lp64_product} {ergonomic}
     bool UseG1GC                                  = true                                      {product} {ergonomic}
     bool UseLargePagesIndividualAllocation        = false                                  {pd product} {ergonomic}

Logging:
Log output configuration:
 #0: stdout all=warning uptime,level,tags foldmultilines=false
 #1: stderr all=off uptime,level,tags foldmultilines=false

Environment Variables:
JAVA_HOME=C:\Program Files\Java\jdk-18.0.1.1\bin
PATH=C:\Program Files\Common Files\Oracle\Java\javapath;C:\Program Files\Java\jdk-18.0.1.1\bin;C:\WINDOWS\system32;C:\WINDOWS;C:\WINDOWS\System32\Wbem;C:\WINDOWS\System32\WindowsPowerShell\v1.0\;C:\WINDOWS\System32\OpenSSH\;C:\Program Files\NVIDIA Corporation\NVIDIA NvDLISR;C:\Program Files\Git\cmd;C:\Users\ADMIN\AppData\Local\Programs\Python\Python310\Scripts\;C:\Users\ADMIN\AppData\Local\Programs\Python\Python310\;C:\Users\ADMIN\AppData\Local\Microsoft\WindowsApps;C:\Program Files\Java\jdk-18.0.1.1\bin;;C:\Program Files\JetBrains\IntelliJ IDEA Community Edition 2022.1.4\bin;;C:\Users\ADMIN\AppData\Local\Programs\Microsoft VS Code\bin
USERNAME=ADMIN
OS=Windows_NT
PROCESSOR_IDENTIFIER=AMD64 Family 25 Model 80 Stepping 0, AuthenticAMD



---------------  S Y S T E M  ---------------

OS:
 Windows 11 , 64 bit Build 22621 (10.0.22621.1928)
OS uptime: 0 days 0:48 hours

CPU: total 12 (initial active 12) (12 cores per cpu, 2 threads per core) family 25 model 80 stepping 0 microcode 0x0, cx8, cmov, fxsr, ht, mmx, 3dnowpref, sse, sse2, sse3, ssse3, sse4a, sse4.1, sse4.2, popcnt, lzcnt, tsc, tscinvbit, avx, avx2, aes, erms, clmul, bmi1, bmi2, adx, sha, fma, vzeroupper, clflush, clflushopt

Memory: 4k page, system-wide physical 5996M (222M free)
TotalPageFile size 24428M (AvailPageFile size 0M)
current process WorkingSet (physical memory assigned to process): 53M, peak: 53M
current process commit charge ("private bytes"): 191M, peak: 192M

vm_info: Java HotSpot(TM) 64-Bit Server VM (18.0.2+9-61) for windows-amd64 JRE (18.0.2+9-61), built on Jun  7 2022 13:09:01 by "mach5one" with MS VC++ 16.8 / 16.9 (VS2019)

END.
